Build started 4/4/2016 10:50:38 AM.
     1>Project "N:\Computer Science 1\Period 2\Jacobs, Ryan A\worldshardestgame\worldshardestgame\worldshardestgame.vcxproj" on node 2 (build target(s)).
     1>InitializeBuildStatus:
         Creating "Debug\worldshardestgame.unsuccessfulbuild" because "AlwaysCreate" was specified.
       ClCompile:
         C:\Program Files (x86)\Microsoft Visual Studio 10.0\VC\bin\CL.exe /c /ZI /nologo /W3 /WX- /Od /Oy- /D _MBCS /Gm /EHsc /RTC1 /MDd /GS /fp:precise /Zc:wchar_t /Zc:forScope /Fo"Debug\\" /Fd"Debug\vc100.pdb" /Gd /TP /analyze- /errorReport:prompt source.cpp
         source.cpp
     1>c:\program files (x86)\microsoft visual studio 10.0\vc\include\winbgi.cpp(484): warning C4996: 'sprintf': This function or variable may be unsafe. Consider using sprintf_s instead. To disable deprecation, use _CRT_SECURE_NO_WARNINGS. See online help for details.
                 c:\program files (x86)\microsoft visual studio 10.0\vc\include\stdio.h(371) : see declaration of 'sprintf'
     1>n:\computer science 1\period 2\jacobs, ryan a\worldshardestgame\worldshardestgame\source.cpp(35): error C2065: 'Square' : undeclared identifier
     1>n:\computer science 1\period 2\jacobs, ryan a\worldshardestgame\worldshardestgame\source.cpp(35): error C2146: syntax error : missing ';' before identifier 'square'
     1>n:\computer science 1\period 2\jacobs, ryan a\worldshardestgame\worldshardestgame\source.cpp(35): error C3861: 'square': identifier not found
     1>n:\computer science 1\period 2\jacobs, ryan a\worldshardestgame\worldshardestgame\source.cpp(36): error C2065: 'square' : undeclared identifier
     1>n:\computer science 1\period 2\jacobs, ryan a\worldshardestgame\worldshardestgame\source.cpp(36): error C2228: left of '.spawn' must have class/struct/union
                 type is ''unknown-type''
     1>n:\computer science 1\period 2\jacobs, ryan a\worldshardestgame\worldshardestgame\source.cpp(39): error C2065: 'square' : undeclared identifier
     1>n:\computer science 1\period 2\jacobs, ryan a\worldshardestgame\worldshardestgame\source.cpp(39): error C2228: left of '.translate' must have class/struct/union
                 type is ''unknown-type''
     1>Done Building Project "N:\Computer Science 1\Period 2\Jacobs, Ryan A\worldshardestgame\worldshardestgame\worldshardestgame.vcxproj" (build target(s)) -- FAILED.

Build FAILED.

Time Elapsed 00:00:00.95
